<?xml version="1.0" encoding="UTF-8"?>
<!-- Generated by org.testng.reporters.JUnitReportReporter -->
<testsuite hostname="DESKTOP-95VGTPM" name="TestCases.SeleniumTest" tests="2" failures="0" timestamp="15 Sep 2019 06:54:48 GMT" time="0.024" errors="0">
  <testcase name="elementsUi" time="0.003" classname="TestCases.SeleniumTest"/>
  <testcase name="BrowserAUtomation" time="0.021" classname="TestCases.SeleniumTest"/>
</testsuite> <!-- TestCases.SeleniumTest -->
