<?xml version="1.0" encoding="UTF-8"?>
<!-- Generated by org.testng.reporters.JUnitReportReporter -->
<testsuite hostname="DESKTOP-95VGTPM" name="TestCases.RESTAPITest" tests="2" failures="0" timestamp="15 Sep 2019 06:54:48 GMT" time="0.005" errors="0">
  <testcase name="deleteTwitter" time="0.002" classname="TestCases.RESTAPITest"/>
  <testcase name="postJira" time="0.003" classname="TestCases.RESTAPITest"/>
</testsuite> <!-- TestCases.RESTAPITest -->
