<?xml version="1.0" encoding="UTF-8"?>
<!-- Generated by org.testng.reporters.JUnitReportReporter -->
<testsuite skipped="0" hostname="DESKTOP-95VGTPM" name="TestCases.SeleniumTest" tests="2" failures="0" timestamp="2019-10-20T09:17:51 BDT" time="0.015" errors="0">
  <testcase name="elementsUi" time="0.000" classname="TestCases.SeleniumTest"/>
  <testcase name="BrowserAUtomation" time="0.015" classname="TestCases.SeleniumTest"/>
</testsuite> <!-- TestCases.SeleniumTest -->
